<?xml version="1.0" encoding="UTF-8"?>
<testng-results ignored="0" total="2" passed="2" failed="0" skipped="0">
  <reporter-output>
  </reporter-output>
  <suite started-at="2018-07-09T18:01:48Z" name="Regression" finished-at="2018-07-09T18:03:17Z" duration-ms="88949">
    <groups>
    </groups>
    <test started-at="2018-07-09T18:01:48Z" name="test2" finished-at="2018-07-09T18:02:47Z" duration-ms="59314">
      <class name="tests.TestCases">
        <test-method is-config="true" signature="setUP(int, java.lang.String, java.lang.String, java.lang.String, int, java.lang.String)[pri:0, instance:tests.TestCases@3246fb96]" started-at="2018-07-09T18:01:48Z" name="setUP" finished-at="2018-07-09T18:02:25Z" duration-ms="37235" status="PASS">
          <params>
            <param index="0">
              <value>
                <![CDATA[8101]]>
              </value>
            </param>
            <param index="1">
              <value>
                <![CDATA[10.3]]>
              </value>
            </param>
            <param index="2">
              <value>
                <![CDATA[iPhone 6S]]>
              </value>
            </param>
            <param index="3">
              <value>
                <![CDATA[4724]]>
              </value>
            </param>
            <param index="4">
              <value>
                <![CDATA[120]]>
              </value>
            </param>
            <param index="5">
              <value>
                <![CDATA[e54d3e54434e2b826a21beeb6bba7664107103e8]]>
              </value>
            </param>
          </params>
          <reporter-output>
          </reporter-output>
        </test-method> <!-- setUP -->
        <test-method signature="Run()[pri:0, instance:tests.TestCases@3246fb96]" started-at="2018-07-09T18:02:25Z" name="Run" finished-at="2018-07-09T18:02:47Z" duration-ms="21597" status="PASS">
          <reporter-output>
          </reporter-output>
        </test-method> <!-- Run -->
        <test-method is-config="true" signature="tearDown()[pri:0, instance:tests.TestCases@3246fb96]" started-at="2018-07-09T18:02:47Z" name="tearDown" finished-at="2018-07-09T18:02:47Z" duration-ms="455" status="PASS">
          <reporter-output>
          </reporter-output>
        </test-method> <!-- tearDown -->
      </class> <!-- tests.TestCases -->
    </test> <!-- test2 -->
    <test started-at="2018-07-09T18:01:48Z" name="test1" finished-at="2018-07-09T18:03:17Z" duration-ms="88949">
      <class name="tests.TestCases">
        <test-method is-config="true" signature="setUP(int, java.lang.String, java.lang.String, java.lang.String, int, java.lang.String)[pri:0, instance:tests.TestCases@76f2bbc1]" started-at="2018-07-09T18:01:48Z" name="setUP" finished-at="2018-07-09T18:02:54Z" duration-ms="65628" status="PASS">
          <params>
            <param index="0">
              <value>
                <![CDATA[8100]]>
              </value>
            </param>
            <param index="1">
              <value>
                <![CDATA[11.0.3]]>
              </value>
            </param>
            <param index="2">
              <value>
                <![CDATA[iPhone 6]]>
              </value>
            </param>
            <param index="3">
              <value>
                <![CDATA[4725]]>
              </value>
            </param>
            <param index="4">
              <value>
                <![CDATA[120]]>
              </value>
            </param>
            <param index="5">
              <value>
                <![CDATA[84023d2acf8b247deef1688272330a87505c8057]]>
              </value>
            </param>
          </params>
          <reporter-output>
          </reporter-output>
        </test-method> <!-- setUP -->
        <test-method signature="Run()[pri:0, instance:tests.TestCases@76f2bbc1]" started-at="2018-07-09T18:02:54Z" name="Run" finished-at="2018-07-09T18:03:16Z" duration-ms="22483" status="PASS">
          <reporter-output>
          </reporter-output>
        </test-method> <!-- Run -->
        <test-method is-config="true" signature="tearDown()[pri:0, instance:tests.TestCases@76f2bbc1]" started-at="2018-07-09T18:03:16Z" name="tearDown" finished-at="2018-07-09T18:03:17Z" duration-ms="830" status="PASS">
          <reporter-output>
          </reporter-output>
        </test-method> <!-- tearDown -->
      </class> <!-- tests.TestCases -->
    </test> <!-- test1 -->
  </suite> <!-- Regression -->
</testng-results>
