<?xml version="1.0" encoding="UTF-8"?>
<testng-results ignored="0" total="2" passed="2" failed="0" skipped="0">
  <reporter-output>
  </reporter-output>
  <suite started-at="2018-07-24T09:38:02Z" name="Regression" finished-at="2018-07-24T09:39:18Z" duration-ms="76163">
    <groups>
    </groups>
    <test started-at="2018-07-24T09:38:02Z" name="test1" finished-at="2018-07-24T09:39:13Z" duration-ms="71181">
      <class name="tests.TestCases">
        <test-method is-config="true" signature="setUP(int, java.lang.String, java.lang.String, java.lang.String, int, java.lang.String)[pri:0, instance:tests.TestCases@76f2bbc1]" started-at="2018-07-24T09:38:02Z" name="setUP" finished-at="2018-07-24T09:38:49Z" duration-ms="47248" status="PASS">
          <params>
            <param index="0">
              <value>
                <![CDATA[8100]]>
              </value>
            </param>
            <param index="1">
              <value>
                <![CDATA[11.0.3]]>
              </value>
            </param>
            <param index="2">
              <value>
                <![CDATA[iPhone 6]]>
              </value>
            </param>
            <param index="3">
              <value>
                <![CDATA[4725]]>
              </value>
            </param>
            <param index="4">
              <value>
                <![CDATA[120]]>
              </value>
            </param>
            <param index="5">
              <value>
                <![CDATA[84023d2acf8b247deef1688272330a87505c8057]]>
              </value>
            </param>
          </params>
          <reporter-output>
          </reporter-output>
        </test-method> <!-- setUP -->
        <test-method signature="Run()[pri:0, instance:tests.TestCases@76f2bbc1]" started-at="2018-07-24T09:38:49Z" name="Run" finished-at="2018-07-24T09:39:12Z" duration-ms="23391" status="PASS">
          <reporter-output>
          </reporter-output>
        </test-method> <!-- Run -->
        <test-method is-config="true" signature="tearDown()[pri:0, instance:tests.TestCases@76f2bbc1]" started-at="2018-07-24T09:39:12Z" name="tearDown" finished-at="2018-07-24T09:39:13Z" duration-ms="524" status="PASS">
          <reporter-output>
          </reporter-output>
        </test-method> <!-- tearDown -->
      </class> <!-- tests.TestCases -->
    </test> <!-- test1 -->
    <test started-at="2018-07-24T09:38:02Z" name="test2" finished-at="2018-07-24T09:39:18Z" duration-ms="76163">
      <class name="tests.TestCases">
        <test-method is-config="true" signature="setUP(int, java.lang.String, java.lang.String, java.lang.String, int, java.lang.String)[pri:0, instance:tests.TestCases@3246fb96]" started-at="2018-07-24T09:38:02Z" name="setUP" finished-at="2018-07-24T09:38:56Z" duration-ms="54269" status="PASS">
          <params>
            <param index="0">
              <value>
                <![CDATA[8101]]>
              </value>
            </param>
            <param index="1">
              <value>
                <![CDATA[10.3]]>
              </value>
            </param>
            <param index="2">
              <value>
                <![CDATA[iPhone 6S]]>
              </value>
            </param>
            <param index="3">
              <value>
                <![CDATA[4724]]>
              </value>
            </param>
            <param index="4">
              <value>
                <![CDATA[120]]>
              </value>
            </param>
            <param index="5">
              <value>
                <![CDATA[e54d3e54434e2b826a21beeb6bba7664107103e8]]>
              </value>
            </param>
          </params>
          <reporter-output>
          </reporter-output>
        </test-method> <!-- setUP -->
        <test-method signature="Run()[pri:0, instance:tests.TestCases@3246fb96]" started-at="2018-07-24T09:38:56Z" name="Run" finished-at="2018-07-24T09:39:17Z" duration-ms="21474" status="PASS">
          <reporter-output>
          </reporter-output>
        </test-method> <!-- Run -->
        <test-method is-config="true" signature="tearDown()[pri:0, instance:tests.TestCases@3246fb96]" started-at="2018-07-24T09:39:17Z" name="tearDown" finished-at="2018-07-24T09:39:18Z" duration-ms="413" status="PASS">
          <reporter-output>
          </reporter-output>
        </test-method> <!-- tearDown -->
      </class> <!-- tests.TestCases -->
    </test> <!-- test2 -->
  </suite> <!-- Regression -->
</testng-results>
